#! /opt/homebrew/Cellar/icarus-verilog/12.0/bin/vvp
:ivl_version "12.0 (stable)";
:ivl_delay_selection "TYPICAL";
:vpi_time_precision - 12;
:vpi_module "/opt/homebrew/Cellar/icarus-verilog/12.0/lib/ivl/system.vpi";
:vpi_module "/opt/homebrew/Cellar/icarus-verilog/12.0/lib/ivl/vhdl_sys.vpi";
:vpi_module "/opt/homebrew/Cellar/icarus-verilog/12.0/lib/ivl/vhdl_textio.vpi";
:vpi_module "/opt/homebrew/Cellar/icarus-verilog/12.0/lib/ivl/v2005_math.vpi";
:vpi_module "/opt/homebrew/Cellar/icarus-verilog/12.0/lib/ivl/va_math.vpi";
S_0x102e40950 .scope module, "async_counter_tb" "async_counter_tb" 2 84;
 .timescale -9 -12;
v0x767050e60_0 .var "clk", 0 0;
v0x767050f00_0 .var/i "i", 31 0;
v0x767050fa0_0 .net "q", 3 0, L_0x102e4d820;  1 drivers
v0x767051040_0 .var "rst", 0 0;
S_0x102e40ad0 .scope module, "dut" "async_counter" 2 95, 2 25 0, S_0x102e40950;
 .timescale -9 -12;
    .port_info 0 /INPUT 1 "rst";
    .port_info 1 /INPUT 1 "clk";
    .port_info 2 /OUTPUT 4 "q";
L_0x102e4d5f0 .functor BUFZ 1, v0x102e4a630_0, C4<0>, C4<0>, C4<0>;
L_0x102e4d660 .functor NOT 1, v0x767050460_0, C4<0>, C4<0>, C4<0>;
L_0x102e4d6d0 .functor NOT 1, v0x767050460_0, C4<0>, C4<0>, C4<0>;
L_0x102e4d740 .functor NOT 1, v0x7670501e0_0, C4<0>, C4<0>, C4<0>;
L_0x102e4d7b0 .functor OR 1, L_0x102e4d6d0, L_0x102e4d740, C4<0>, C4<0>;
v0x767050640_0 .net *"_ivl_6", 0 0, L_0x102e4d6d0;  1 drivers
v0x7670506e0_0 .net *"_ivl_8", 0 0, L_0x102e4d740;  1 drivers
v0x767050780_0 .net "clk", 0 0, v0x767050e60_0;  1 drivers
v0x767050820_0 .net "q", 3 0, L_0x102e4d820;  alias, 1 drivers
v0x7670508c0_0 .net "q0", 0 0, v0x102e4a630_0;  1 drivers
v0x767050960_0 .net "q1", 0 0, v0x102e43940_0;  1 drivers
v0x767050a00_0 .net "q2", 0 0, v0x7670501e0_0;  1 drivers
v0x767050aa0_0 .net "q3", 0 0, v0x767050460_0;  1 drivers
v0x767050b40_0 .net "rst", 0 0, v0x767051040_0;  1 drivers
v0x767050be0_0 .net "t0_sig", 0 0, L_0x102e4d7b0;  1 drivers
L_0x766c54010 .functor BUFT 1, C4<1>, C4<0>, C4<0>, C4<0>;
v0x767050c80_0 .net "t1_sig", 0 0, L_0x766c54010;  1 drivers
v0x767050d20_0 .net "t2_sig", 0 0, L_0x102e4d660;  1 drivers
v0x767050dc0_0 .net "t3_sig", 0 0, L_0x102e4d5f0;  1 drivers
L_0x102e4d820 .concat [ 1 1 1 1], v0x102e4a630_0, v0x102e43940_0, v0x7670501e0_0, v0x767050460_0;
S_0x102e45af0 .scope module, "ff0" "t_flipflop" 2 48, 2 5 0, S_0x102e40ad0;
 .timescale -9 -12;
    .port_info 0 /INPUT 1 "clk";
    .port_info 1 /INPUT 1 "t";
    .port_info 2 /INPUT 1 "rst";
    .port_info 3 /OUTPUT 1 "q";
v0x102e49cc0_0 .net "clk", 0 0, v0x102e43940_0;  alias, 1 drivers
v0x102e4a630_0 .var "q", 0 0;
v0x102e45c70_0 .net "rst", 0 0, v0x767051040_0;  alias, 1 drivers
v0x102e45d10_0 .net "t", 0 0, L_0x102e4d7b0;  alias, 1 drivers
E_0x766838680/0 .event negedge, v0x102e49cc0_0;
E_0x766838680/1 .event posedge, v0x102e45c70_0;
E_0x766838680 .event/or E_0x766838680/0, E_0x766838680/1;
S_0x102e43720 .scope module, "ff1" "t_flipflop" 2 56, 2 5 0, S_0x102e40ad0;
 .timescale -9 -12;
    .port_info 0 /INPUT 1 "clk";
    .port_info 1 /INPUT 1 "t";
    .port_info 2 /INPUT 1 "rst";
    .port_info 3 /OUTPUT 1 "q";
v0x102e438a0_0 .net "clk", 0 0, v0x767050e60_0;  alias, 1 drivers
v0x102e43940_0 .var "q", 0 0;
v0x767050000_0 .net "rst", 0 0, v0x767051040_0;  alias, 1 drivers
v0x7670500a0_0 .net "t", 0 0, L_0x766c54010;  alias, 1 drivers
E_0x7668386c0/0 .event negedge, v0x102e438a0_0;
E_0x7668386c0/1 .event posedge, v0x102e45c70_0;
E_0x7668386c0 .event/or E_0x7668386c0/0, E_0x7668386c0/1;
S_0x102e4d0c0 .scope module, "ff2" "t_flipflop" 2 64, 2 5 0, S_0x102e40ad0;
 .timescale -9 -12;
    .port_info 0 /INPUT 1 "clk";
    .port_info 1 /INPUT 1 "t";
    .port_info 2 /INPUT 1 "rst";
    .port_info 3 /OUTPUT 1 "q";
v0x767050140_0 .net "clk", 0 0, v0x102e43940_0;  alias, 1 drivers
v0x7670501e0_0 .var "q", 0 0;
v0x767050280_0 .net "rst", 0 0, v0x767051040_0;  alias, 1 drivers
v0x767050320_0 .net "t", 0 0, L_0x102e4d660;  alias, 1 drivers
S_0x102e4d240 .scope module, "ff3" "t_flipflop" 2 72, 2 5 0, S_0x102e40ad0;
 .timescale -9 -12;
    .port_info 0 /INPUT 1 "clk";
    .port_info 1 /INPUT 1 "t";
    .port_info 2 /INPUT 1 "rst";
    .port_info 3 /OUTPUT 1 "q";
v0x7670503c0_0 .net "clk", 0 0, v0x102e43940_0;  alias, 1 drivers
v0x767050460_0 .var "q", 0 0;
v0x767050500_0 .net "rst", 0 0, v0x767051040_0;  alias, 1 drivers
v0x7670505a0_0 .net "t", 0 0, L_0x102e4d5f0;  alias, 1 drivers
    .scope S_0x102e45af0;
T_0 ;
    %wait E_0x766838680;
    %load/vec4 v0x102e45c70_0;
    %flag_set/vec4 8;
    %jmp/0xz  T_0.0, 8;
    %pushi/vec4 0, 0, 1;
    %assign/vec4 v0x102e4a630_0, 0;
    %jmp T_0.1;
T_0.0 ;
    %load/vec4 v0x102e45d10_0;
    %flag_set/vec4 8;
    %jmp/0xz  T_0.2, 8;
    %load/vec4 v0x102e4a630_0;
    %inv;
    %assign/vec4 v0x102e4a630_0, 0;
    %jmp T_0.3;
T_0.2 ;
    %load/vec4 v0x102e4a630_0;
    %assign/vec4 v0x102e4a630_0, 0;
T_0.3 ;
T_0.1 ;
    %jmp T_0;
    .thread T_0;
    .scope S_0x102e43720;
T_1 ;
    %wait E_0x7668386c0;
    %load/vec4 v0x767050000_0;
    %flag_set/vec4 8;
    %jmp/0xz  T_1.0, 8;
    %pushi/vec4 0, 0, 1;
    %assign/vec4 v0x102e43940_0, 0;
    %jmp T_1.1;
T_1.0 ;
    %load/vec4 v0x7670500a0_0;
    %flag_set/vec4 8;
    %jmp/0xz  T_1.2, 8;
    %load/vec4 v0x102e43940_0;
    %inv;
    %assign/vec4 v0x102e43940_0, 0;
    %jmp T_1.3;
T_1.2 ;
    %load/vec4 v0x102e43940_0;
    %assign/vec4 v0x102e43940_0, 0;
T_1.3 ;
T_1.1 ;
    %jmp T_1;
    .thread T_1;
    .scope S_0x102e4d0c0;
T_2 ;
    %wait E_0x766838680;
    %load/vec4 v0x767050280_0;
    %flag_set/vec4 8;
    %jmp/0xz  T_2.0, 8;
    %pushi/vec4 0, 0, 1;
    %assign/vec4 v0x7670501e0_0, 0;
    %jmp T_2.1;
T_2.0 ;
    %load/vec4 v0x767050320_0;
    %flag_set/vec4 8;
    %jmp/0xz  T_2.2, 8;
    %load/vec4 v0x7670501e0_0;
    %inv;
    %assign/vec4 v0x7670501e0_0, 0;
    %jmp T_2.3;
T_2.2 ;
    %load/vec4 v0x7670501e0_0;
    %assign/vec4 v0x7670501e0_0, 0;
T_2.3 ;
T_2.1 ;
    %jmp T_2;
    .thread T_2;
    .scope S_0x102e4d240;
T_3 ;
    %wait E_0x766838680;
    %load/vec4 v0x767050500_0;
    %flag_set/vec4 8;
    %jmp/0xz  T_3.0, 8;
    %pushi/vec4 0, 0, 1;
    %assign/vec4 v0x767050460_0, 0;
    %jmp T_3.1;
T_3.0 ;
    %load/vec4 v0x7670505a0_0;
    %flag_set/vec4 8;
    %jmp/0xz  T_3.2, 8;
    %load/vec4 v0x767050460_0;
    %inv;
    %assign/vec4 v0x767050460_0, 0;
    %jmp T_3.3;
T_3.2 ;
    %load/vec4 v0x767050460_0;
    %assign/vec4 v0x767050460_0, 0;
T_3.3 ;
T_3.1 ;
    %jmp T_3;
    .thread T_3;
    .scope S_0x102e40950;
T_4 ;
    %vpi_call 2 103 "$monitor", "%0t: q changed to %0d (%b)", $time, v0x767050fa0_0, v0x767050fa0_0 {0 0 0};
    %end;
    .thread T_4;
    .scope S_0x102e40950;
T_5 ;
    %pushi/vec4 0, 0, 1;
    %store/vec4 v0x767050e60_0, 0, 1;
    %pushi/vec4 1, 0, 1;
    %store/vec4 v0x767051040_0, 0, 1;
    %pushi/vec4 2, 0, 32;
T_5.0 %dup/vec4;
    %pushi/vec4 0, 0, 32;
    %cmp/s;
    %jmp/1xz T_5.1, 5;
    %jmp/1 T_5.1, 4;
    %pushi/vec4 1, 0, 32;
    %sub;
    %delay 5000, 0;
    %load/vec4 v0x767050e60_0;
    %inv;
    %store/vec4 v0x767050e60_0, 0, 1;
    %jmp T_5.0;
T_5.1 ;
    %pop/vec4 1;
    %pushi/vec4 0, 0, 1;
    %store/vec4 v0x767051040_0, 0, 1;
    %pushi/vec4 0, 0, 32;
    %store/vec4 v0x767050f00_0, 0, 32;
T_5.2 ;
    %load/vec4 v0x767050f00_0;
    %cmpi/s 200, 0, 32;
    %jmp/0xz T_5.3, 5;
    %delay 5000, 0;
    %load/vec4 v0x767050e60_0;
    %inv;
    %store/vec4 v0x767050e60_0, 0, 1;
    %delay 5000, 0;
    %load/vec4 v0x767050e60_0;
    %inv;
    %store/vec4 v0x767050e60_0, 0, 1;
    %load/vec4 v0x767050f00_0;
    %addi 1, 0, 32;
    %store/vec4 v0x767050f00_0, 0, 32;
    %jmp T_5.2;
T_5.3 ;
    %vpi_call 2 123 "$finish" {0 0 0};
    %end;
    .thread T_5;
# The file index is used to find the file name in the following table.
:file_names 3;
    "N/A";
    "<interactive>";
    "async_counter_tb.v";
